<?xml version="1.0" encoding="UTF-8"?>
<!-- Generated by org.testng.reporters.JUnitXMLReporter -->
<testsuite ignored="0" hostname="DESKTOP-TFUFUVK" failures="0" tests="6" name="Test" time="115.462" errors="0" timestamp="2024-01-12T04:02:44 IST">
  <testcase classname="tests.One" name="TestOne" time="17.765"/>
  <testcase classname="tests.One1" name="TestOne" time="17.798"/>
  <testcase classname="tests.Two" name="TestTwo" time="18.062"/>
  <testcase classname="tests.Two2" name="TestTwo" time="18.047"/>
  <testcase classname="tests.Three" name="TestThree" time="17.816"/>
  <testcase classname="tests.Three3" name="TestThree" time="17.873"/>
</testsuite> <!-- Test -->
