<?xml version="1.0" encoding="UTF-8"?>
<testsuite xmlns:xsi="http://www.w3.org/2001/XMLSchema-instance" xsi:noNamespaceSchemaLocation="https://maven.apache.org/surefire/maven-surefire-plugin/xsd/surefire-test-report.xsd" name="TestSuite" time="114.555" tests="6" errors="0" skipped="0" failures="0">
  <properties>
[...]
</properties>
  <testcase name="TestOne" classname="tests.One" time="17.877"/>
  <testcase name="TestOne" classname="tests.One1" time="17.812"/>
  <testcase name="TestTwo" classname="tests.Two" time="17.91"/>
  <testcase name="TestTwo" classname="tests.Two2" time="17.852"/>
  <testcase name="TestThree" classname="tests.Three" time="17.817"/>
  <testcase name="TestThree" classname="tests.Three3" time="17.741"/>
</testsuite>