<?xml version="1.0" encoding="UTF-8"?>
<testng-results ignored="0" total="6" passed="6" failed="0" skipped="0">
  <reporter-output>
  </reporter-output>
  <suite started-at="2024-01-12T04:23:26 IST" name="Suite" finished-at="2024-01-12T04:25:20 IST" duration-ms="114043">
    <groups>
    </groups>
    <test started-at="2024-01-12T04:23:26 IST" name="Test" finished-at="2024-01-12T04:25:20 IST" duration-ms="114043">
      <class name="tests.One1">
        <test-method is-config="true" signature="SetUp()[pri:0, instance:tests.One1@6e4784bc]" started-at="2024-01-12T04:23:45 IST" name="SetUp" finished-at="2024-01-12T04:23:46 IST" duration-ms="454" status="PASS">
          <reporter-output>
          </reporter-output>
        </test-method> <!-- SetUp -->
        <test-method signature="TestOne()[pri:0, instance:tests.One1@6e4784bc]" started-at="2024-01-12T04:23:46 IST" name="TestOne" finished-at="2024-01-12T04:24:04 IST" duration-ms="17812" status="PASS">
          <reporter-output>
          </reporter-output>
        </test-method> <!-- TestOne -->
        <test-method is-config="true" signature="TearDown()[pri:0, instance:tests.One1@6e4784bc]" started-at="2024-01-12T04:24:04 IST" name="TearDown" finished-at="2024-01-12T04:24:04 IST" duration-ms="137" status="PASS">
          <reporter-output>
          </reporter-output>
        </test-method> <!-- TearDown -->
      </class> <!-- tests.One1 -->
      <class name="tests.Three3">
        <test-method is-config="true" signature="SetUp()[pri:0, instance:tests.Three3@19bb07ed]" started-at="2024-01-12T04:25:02 IST" name="SetUp" finished-at="2024-01-12T04:25:03 IST" duration-ms="511" status="PASS">
          <reporter-output>
          </reporter-output>
        </test-method> <!-- SetUp -->
        <test-method signature="TestThree()[pri:0, instance:tests.Three3@19bb07ed]" started-at="2024-01-12T04:25:03 IST" name="TestThree" finished-at="2024-01-12T04:25:20 IST" duration-ms="17740" status="PASS">
          <reporter-output>
          </reporter-output>
        </test-method> <!-- TestThree -->
        <test-method is-config="true" signature="TearDown()[pri:0, instance:tests.Three3@19bb07ed]" started-at="2024-01-12T04:25:20 IST" name="TearDown" finished-at="2024-01-12T04:25:20 IST" duration-ms="135" status="PASS">
          <reporter-output>
          </reporter-output>
        </test-method> <!-- TearDown -->
      </class> <!-- tests.Three3 -->
      <class name="tests.One">
        <test-method is-config="true" signature="SetUp()[pri:0, instance:tests.One@460d0a57]" started-at="2024-01-12T04:23:26 IST" name="SetUp" finished-at="2024-01-12T04:23:27 IST" duration-ms="937" status="PASS">
          <reporter-output>
          </reporter-output>
        </test-method> <!-- SetUp -->
        <test-method signature="TestOne()[pri:0, instance:tests.One@460d0a57]" started-at="2024-01-12T04:23:27 IST" name="TestOne" finished-at="2024-01-12T04:23:45 IST" duration-ms="17875" status="PASS">
          <reporter-output>
          </reporter-output>
        </test-method> <!-- TestOne -->
        <test-method is-config="true" signature="TearDown()[pri:0, instance:tests.One@460d0a57]" started-at="2024-01-12T04:23:45 IST" name="TearDown" finished-at="2024-01-12T04:23:45 IST" duration-ms="91" status="PASS">
          <reporter-output>
          </reporter-output>
        </test-method> <!-- TearDown -->
      </class> <!-- tests.One -->
      <class name="tests.Three">
        <test-method is-config="true" signature="SetUp()[pri:0, instance:tests.Three@4b0b0854]" started-at="2024-01-12T04:24:44 IST" name="SetUp" finished-at="2024-01-12T04:24:44 IST" duration-ms="507" status="PASS">
          <reporter-output>
          </reporter-output>
        </test-method> <!-- SetUp -->
        <test-method signature="TestThree()[pri:0, instance:tests.Three@4b0b0854]" started-at="2024-01-12T04:24:44 IST" name="TestThree" finished-at="2024-01-12T04:25:02 IST" duration-ms="17818" status="PASS">
          <reporter-output>
          </reporter-output>
        </test-method> <!-- TestThree -->
        <test-method is-config="true" signature="TearDown()[pri:0, instance:tests.Three@4b0b0854]" started-at="2024-01-12T04:25:02 IST" name="TearDown" finished-at="2024-01-12T04:25:02 IST" duration-ms="137" status="PASS">
          <reporter-output>
          </reporter-output>
        </test-method> <!-- TearDown -->
      </class> <!-- tests.Three -->
      <class name="tests.Two2">
        <test-method is-config="true" signature="SetUp()[pri:0, instance:tests.Two2@e056f20]" started-at="2024-01-12T04:24:24 IST" name="SetUp" finished-at="2024-01-12T04:24:25 IST" duration-ms="1485" status="PASS">
          <reporter-output>
          </reporter-output>
        </test-method> <!-- SetUp -->
        <test-method signature="TestTwo()[pri:0, instance:tests.Two2@e056f20]" started-at="2024-01-12T04:24:25 IST" name="TestTwo" finished-at="2024-01-12T04:24:43 IST" duration-ms="17852" status="PASS">
          <reporter-output>
          </reporter-output>
        </test-method> <!-- TestTwo -->
        <test-method is-config="true" signature="TearDown()[pri:0, instance:tests.Two2@e056f20]" started-at="2024-01-12T04:24:43 IST" name="TearDown" finished-at="2024-01-12T04:24:44 IST" duration-ms="554" status="PASS">
          <reporter-output>
          </reporter-output>
        </test-method> <!-- TearDown -->
      </class> <!-- tests.Two2 -->
      <class name="tests.Two">
        <test-method is-config="true" signature="SetUp()[pri:0, instance:tests.Two@34b7ac2f]" started-at="2024-01-12T04:24:04 IST" name="SetUp" finished-at="2024-01-12T04:24:05 IST" duration-ms="1490" status="PASS">
          <reporter-output>
          </reporter-output>
        </test-method> <!-- SetUp -->
        <test-method signature="TestTwo()[pri:0, instance:tests.Two@34b7ac2f]" started-at="2024-01-12T04:24:05 IST" name="TestTwo" finished-at="2024-01-12T04:24:23 IST" duration-ms="17909" status="PASS">
          <reporter-output>
          </reporter-output>
        </test-method> <!-- TestTwo -->
        <test-method is-config="true" signature="TearDown()[pri:0, instance:tests.Two@34b7ac2f]" started-at="2024-01-12T04:24:23 IST" name="TearDown" finished-at="2024-01-12T04:24:24 IST" duration-ms="554" status="PASS">
          <reporter-output>
          </reporter-output>
        </test-method> <!-- TearDown -->
      </class> <!-- tests.Two -->
      <class name="tests.Setup_DockerGrid">
        <test-method is-config="true" signature="startDockergrid()[pri:0, instance:tests.Setup_DockerGrid@10e41621]" started-at="2024-01-12T04:23:26 IST" name="startDockergrid" finished-at="2024-01-12T04:23:26 IST" duration-ms="9" status="PASS">
          <reporter-output>
          </reporter-output>
        </test-method> <!-- startDockergrid -->
        <test-method is-config="true" signature="stopDockergrid()[pri:0, instance:tests.Setup_DockerGrid@10e41621]" started-at="2024-01-12T04:25:20 IST" name="stopDockergrid" finished-at="2024-01-12T04:25:20 IST" duration-ms="0" status="PASS">
          <reporter-output>
          </reporter-output>
        </test-method> <!-- stopDockergrid -->
      </class> <!-- tests.Setup_DockerGrid -->
    </test> <!-- Test -->
  </suite> <!-- Suite -->
</testng-results>
